<?xml version="1.0" encoding="UTF-8"?>
<!-- Generated by org.testng.reporters.JUnitReportReporter -->
<testsuite hostname="LAPTOP-KHKS2E5V" failures="0" tests="1" name="inetbankingTest.Tc_Login_Test_002" time="0.000" errors="0" timestamp="2022-06-15T14:46:47 IST" skipped="1">
  <testcase classname="inetbankingTest.Tc_Login_Test_002" name="logintest2" time="0.000">
    <skipped/>
  </testcase> <!-- logintest2 -->
  <system-out/>
</testsuite> <!-- inetbankingTest.Tc_Login_Test_002 -->
