<?xml version="1.0" encoding="UTF-8"?>
<!-- Generated by org.testng.reporters.JUnitReportReporter -->
<testsuite hostname="LAPTOP-KHKS2E5V" failures="0" tests="1" name="inetbankingTest.Tc_Login_Test_001" time="41.575" errors="0" timestamp="2022-06-15T14:32:02 IST" skipped="0">
  <testcase classname="inetbankingTest.Tc_Login_Test_001" name="loginTest" time="41.575"/>
  <system-out/>
</testsuite> <!-- inetbankingTest.Tc_Login_Test_001 -->
